\BOOKMARK [0][-]{chapter*.1}{Acknowledgements}{}% 1
\BOOKMARK [0][-]{chapter*.1}{Abstract}{}% 2
\BOOKMARK [0][-]{chapter*.3}{List of Figures}{}% 3
\BOOKMARK [0][-]{chapter*.4}{List of Tables}{}% 4
\BOOKMARK [0][-]{chapter.1}{Introduction and Motivation}{}% 5
\BOOKMARK [0][-]{chapter.2}{Background}{}% 6
\BOOKMARK [1][-]{section.2.1}{Dedicated Short Range Communication}{chapter.2}% 7
\BOOKMARK [2][-]{subsection.2.1.1}{IEEE 802.11p}{section.2.1}% 8
\BOOKMARK [2][-]{subsection.2.1.2}{Wave Short Message Protocol}{section.2.1}% 9
\BOOKMARK [2][-]{subsection.2.1.3}{Message Sub-layer}{section.2.1}% 10
\BOOKMARK [1][-]{section.2.2}{Vehicle Platooning}{chapter.2}% 11
\BOOKMARK [1][-]{section.2.3}{Real-world Performance Attributes of DSRC in Platooning Scenarios}{chapter.2}% 12
\BOOKMARK [0][-]{chapter.3}{Emulation Infrastructure}{}% 13
\BOOKMARK [1][-]{section.3.1}{Problem Statement}{chapter.3}% 14
\BOOKMARK [1][-]{section.3.2}{Related Work}{chapter.3}% 15
\BOOKMARK [1][-]{section.3.3}{Design of Squirrel Emulator}{chapter.3}% 16
\BOOKMARK [2][-]{subsection.3.3.1}{Overview}{section.3.3}% 17
\BOOKMARK [2][-]{subsection.3.3.2}{Architecture}{section.3.3}% 18
\BOOKMARK [2][-]{subsection.3.3.3}{CSMC/CA Model}{section.3.3}% 19
\BOOKMARK [2][-]{subsection.3.3.4}{RPC Updated Mobility Manager}{section.3.3}% 20
\BOOKMARK [1][-]{section.3.4}{Implementation}{chapter.3}% 21
\BOOKMARK [1][-]{section.3.5}{Tests}{chapter.3}% 22
\BOOKMARK [2][-]{subsection.3.5.1}{Effectiveness Test}{section.3.5}% 23
\BOOKMARK [2][-]{subsection.3.5.2}{Throughput Test}{section.3.5}% 24
